{"ts":1710945233071,"action":"PROJECT_OPENED","tags":{"PROJECT_NAME":"calculator-java"}}
{"ts":1710945237074,"action":"IDE_DEACTIVATED"}
{"ts":1710945237575,"action":"FILE_OPENED","file":"/README.md","tags":{"FILE_LINE_OF_CODE":"39"}}
{"ts":1710945246379,"action":"IDE_ACTIVATED"}
{"ts":1710945277501,"action":"FILE_CLOSED","file":"/README.md","tags":{"FILE_LINE_OF_CODE":"39"}}
{"ts":1710945277501,"action":"FILE_OPENED","file":"/Start.java","tags":{"FILE_LINE_OF_CODE":"26"}}
{"ts":1710945282086,"action":"FILE_CLOSED","file":"/Start.java","tags":{"FILE_LINE_OF_CODE":"26"}}
{"ts":1710945282086,"action":"FILE_OPENED","file":"/README.md","tags":{"FILE_LINE_OF_CODE":"39"}}
{"ts":1710945283171,"action":"FILE_CLOSED","file":"/README.md","tags":{"FILE_LINE_OF_CODE":"39"}}
{"ts":1710945283205,"action":"FILE_OPENED","file":"/Start.java","tags":{"FILE_LINE_OF_CODE":"26"}}
{"ts":1710945295381,"action":"FILE_CLOSED","file":"/Start.java","tags":{"FILE_LINE_OF_CODE":"26"}}
{"ts":1710945295381,"action":"FILE_OPENED","file":"/Calculator.java","tags":{"FILE_LINE_OF_CODE":"188"}}
{"ts":1710945303179,"action":"IDE_DEACTIVATED"}
{"ts":1710945303975,"action":"PROJECT_CLOSED","tags":{"PROJECT_NAME":"calculator-java"}}
{"ts":1710945328885,"action":"FILE_OPENED","file":"/Calculator.java","tags":{"FILE_LINE_OF_CODE":"188"}}
{"ts":1710945329395,"action":"PROJECT_OPENED","tags":{"PROJECT_NAME":"calculator-java"}}
{"ts":1710945463275,"action":"FILE_CLOSED","file":"/Calculator.java","tags":{"FILE_LINE_OF_CODE":"188"}}
{"ts":1710945463275,"action":"FILE_OPENED","file":"/Start.java","tags":{"FILE_LINE_OF_CODE":"26"}}
{"ts":1710945465062,"action":"IDE_DEACTIVATED"}
{"ts":1710945466367,"action":"IDE_ACTIVATED"}
{"ts":1710945468206,"action":"FILE_CLOSED","file":"/Start.java","tags":{"FILE_LINE_OF_CODE":"26"}}
{"ts":1710945468207,"action":"FILE_OPENED","file":"/Calculator.java","tags":{"FILE_LINE_OF_CODE":"188"}}
{"ts":1710945468953,"action":"FILE_CLOSED","file":"/Calculator.java","tags":{"FILE_LINE_OF_CODE":"188"}}
{"ts":1710945468953,"action":"FILE_OPENED","file":"/Start.java","tags":{"FILE_LINE_OF_CODE":"26"}}
{"ts":1710945469804,"action":"FILE_CLOSED","file":"/Start.java","tags":{"FILE_LINE_OF_CODE":"26"}}
{"ts":1710945469804,"action":"FILE_OPENED","file":"/Calculator.java","tags":{"FILE_LINE_OF_CODE":"188"}}
{"ts":1710945472654,"action":"FILE_CLOSED","file":"/Calculator.java","tags":{"FILE_LINE_OF_CODE":"188"}}
{"ts":1710945472654,"action":"FILE_OPENED","file":"/Start.java","tags":{"FILE_LINE_OF_CODE":"26"}}
{"ts":1710945484939,"action":"IDE_DEACTIVATED"}
{"ts":1710945561265,"action":"IDE_ACTIVATED"}
{"ts":1710945563423,"action":"IDE_DEACTIVATED"}
{"ts":1710946054110,"action":"IDE_ACTIVATED"}
{"ts":1710946058556,"action":"IDE_DEACTIVATED"}
{"ts":1710946096773,"action":"IDE_ACTIVATED"}
{"ts":1710946103482,"action":"IDE_DEACTIVATED"}
{"ts":1710946121646,"action":"IDE_ACTIVATED"}
{"ts":1710946148601,"action":"IDE_DEACTIVATED"}
{"ts":1710946185800,"action":"IDE_ACTIVATED"}
{"ts":1710946193356,"action":"IDE_DEACTIVATED"}
{"ts":1710946477922,"action":"IDE_ACTIVATED"}
{"ts":1710946490731,"action":"IDE_DEACTIVATED"}
{"ts":1710946569273,"action":"IDE_ACTIVATED"}
{"ts":1710946717009,"action":"IDE_DEACTIVATED"}
{"ts":1710946795416,"action":"IDE_ACTIVATED"}
{"ts":1710946812549,"action":"IDE_DEACTIVATED"}
{"ts":1710946940267,"action":"IDE_ACTIVATED"}
{"ts":1710946956917,"action":"IDE_DEACTIVATED"}
{"ts":1710947068412,"action":"IDE_ACTIVATED"}
{"ts":1710947079137,"action":"IDE_DEACTIVATED"}
{"ts":1710948481736,"action":"IDE_ACTIVATED"}
{"ts":1710948483241,"action":"IDE_DEACTIVATED"}
{"ts":1710948797079,"action":"IDE_ACTIVATED"}
{"ts":1710948798857,"action":"IDE_DEACTIVATED"}
{"ts":1710948799814,"action":"IDE_ACTIVATED"}
{"ts":1710948805555,"action":"IDE_DEACTIVATED"}
{"ts":1710948806491,"action":"IDE_ACTIVATED"}
{"ts":1710948808228,"action":"IDE_DEACTIVATED"}
{"ts":1710948809261,"action":"IDE_ACTIVATED"}
{"ts":1710948812243,"action":"IDE_DEACTIVATED"}
{"ts":1710948813416,"action":"IDE_ACTIVATED"}
{"ts":1710948822150,"action":"IDE_DEACTIVATED"}
{"ts":1710948824277,"action":"IDE_ACTIVATED"}
{"ts":1710948827519,"action":"IDE_DEACTIVATED"}
{"ts":1710948829355,"action":"IDE_ACTIVATED"}
{"ts":1710948834511,"action":"IDE_DEACTIVATED"}
{"ts":1710948840368,"action":"IDE_ACTIVATED"}
{"ts":1710948842100,"action":"IDE_DEACTIVATED"}
{"ts":1710949110996,"action":"IDE_ACTIVATED"}
{"ts":1710949135869,"action":"IDE_DEACTIVATED"}
{"ts":1710949136528,"action":"IDE_ACTIVATED"}
{"ts":1710949136919,"action":"IDE_DEACTIVATED"}
{"ts":1710949139304,"action":"IDE_ACTIVATED"}
{"ts":1710949139871,"action":"IDE_DEACTIVATED"}
{"ts":1710949140738,"action":"IDE_ACTIVATED"}
{"ts":1710949155727,"action":"IDE_DEACTIVATED"}
{"ts":1710949575731,"action":"IDE_ACTIVATED"}
{"ts":1710949579954,"action":"IDE_DEACTIVATED"}
{"ts":1710949896079,"action":"IDE_ACTIVATED"}
{"ts":1710949910170,"action":"IDE_DEACTIVATED"}
{"ts":1710949928314,"action":"IDE_ACTIVATED"}
{"ts":1710949929720,"action":"IDE_DEACTIVATED"}
{"ts":1710949932037,"action":"IDE_ACTIVATED"}
{"ts":1710949936747,"action":"IDE_DEACTIVATED"}
{"ts":1710949961860,"action":"IDE_ACTIVATED"}
{"ts":1710949971045,"action":"IDE_DEACTIVATED"}
{"ts":1710950007813,"action":"IDE_ACTIVATED"}
{"ts":1710950041569,"action":"IDE_DEACTIVATED"}
{"ts":1710950052839,"action":"IDE_ACTIVATED"}
{"ts":1710950081009,"action":"IDE_DEACTIVATED"}
{"ts":1710950114245,"action":"IDE_ACTIVATED"}
{"ts":1710950160788,"action":"IDE_DEACTIVATED"}
{"ts":1710950215142,"action":"IDE_ACTIVATED"}
{"ts":1710950270623,"action":"IDE_DEACTIVATED"}
{"ts":1711025109206,"action":"IDE_ACTIVATED"}
{"ts":1711025110510,"action":"IDE_DEACTIVATED"}
{"ts":1711025248490,"action":"IDE_ACTIVATED"}
{"ts":1711025249952,"action":"IDE_DEACTIVATED"}
{"ts":1711025252238,"action":"IDE_ACTIVATED"}
{"ts":1711025254236,"action":"IDE_DEACTIVATED"}
{"ts":1711029630211,"action":"IDE_ACTIVATED"}
{"ts":1711029631888,"action":"IDE_DEACTIVATED"}
{"ts":1711029633868,"action":"IDE_ACTIVATED"}
{"ts":1711029634827,"action":"IDE_DEACTIVATED"}
{"ts":1711029638454,"action":"IDE_ACTIVATED"}
{"ts":1711029648067,"action":"IDE_DEACTIVATED"}
{"ts":1711029954386,"action":"IDE_ACTIVATED"}
{"ts":1711029966078,"action":"IDE_DEACTIVATED"}
{"ts":1711029970007,"action":"IDE_ACTIVATED"}
{"ts":1711029982038,"action":"IDE_DEACTIVATED"}
{"ts":1711029983344,"action":"IDE_ACTIVATED"}
{"ts":1711029988246,"action":"IDE_DEACTIVATED"}
{"ts":1711029990164,"action":"IDE_ACTIVATED"}
{"ts":1711029995563,"action":"IDE_DEACTIVATED"}
{"ts":1711029997294,"action":"IDE_ACTIVATED"}
{"ts":1711030001913,"action":"IDE_DEACTIVATED"}
{"ts":1711030003521,"action":"IDE_ACTIVATED"}
{"ts":1711030007634,"action":"IDE_DEACTIVATED"}
{"ts":1711030008980,"action":"IDE_ACTIVATED"}
{"ts":1711030017359,"action":"IDE_DEACTIVATED"}
{"ts":1711030187666,"action":"IDE_ACTIVATED"}
{"ts":1711030190733,"action":"IDE_DEACTIVATED"}
{"ts":1711030191832,"action":"IDE_ACTIVATED"}
{"ts":1711030194776,"action":"IDE_DEACTIVATED"}
{"ts":1711030197920,"action":"IDE_ACTIVATED"}
{"ts":1711030201694,"action":"IDE_DEACTIVATED"}
{"ts":1711030202634,"action":"IDE_ACTIVATED"}
{"ts":1711030209704,"action":"IDE_DEACTIVATED"}
{"ts":1711030211212,"action":"IDE_ACTIVATED"}
{"ts":1711030212702,"action":"IDE_DEACTIVATED"}
{"ts":1711030215017,"action":"IDE_ACTIVATED"}
{"ts":1711030217747,"action":"IDE_DEACTIVATED"}
{"ts":1711030218539,"action":"IDE_ACTIVATED"}
{"ts":1711030221142,"action":"IDE_DEACTIVATED"}
{"ts":1711030222881,"action":"IDE_ACTIVATED"}
{"ts":1711030226607,"action":"IDE_DEACTIVATED"}
{"ts":1711030228075,"action":"IDE_ACTIVATED"}
{"ts":1711030232634,"action":"IDE_DEACTIVATED"}
{"ts":1711030233663,"action":"IDE_ACTIVATED"}
{"ts":1711030239767,"action":"IDE_DEACTIVATED"}
{"ts":1711030391117,"action":"IDE_ACTIVATED"}
{"ts":1711030392486,"action":"IDE_DEACTIVATED"}
{"ts":1711030883588,"action":"IDE_ACTIVATED"}
{"ts":1711030907172,"action":"IDE_DEACTIVATED"}
{"ts":1711030942684,"action":"IDE_ACTIVATED"}
{"ts":1711030945183,"action":"IDE_DEACTIVATED"}
{"ts":1711059980542,"action":"IDE_ACTIVATED"}
{"ts":1711059986293,"action":"IDE_DEACTIVATED"}
{"ts":1711059986921,"action":"PROJECT_CLOSED","tags":{"PROJECT_NAME":"calculator-java"}}
