{"ts":1710945233071,"action":"PROJECT_OPENED","tags":{"PROJECT_NAME":"calculator-java"}}
{"ts":1710945237074,"action":"IDE_DEACTIVATED"}
{"ts":1710945237575,"action":"FILE_OPENED","file":"/README.md","tags":{"FILE_LINE_OF_CODE":"39"}}
{"ts":1710945246379,"action":"IDE_ACTIVATED"}
{"ts":1710945277501,"action":"FILE_CLOSED","file":"/README.md","tags":{"FILE_LINE_OF_CODE":"39"}}
{"ts":1710945277501,"action":"FILE_OPENED","file":"/Start.java","tags":{"FILE_LINE_OF_CODE":"26"}}
{"ts":1710945282086,"action":"FILE_CLOSED","file":"/Start.java","tags":{"FILE_LINE_OF_CODE":"26"}}
{"ts":1710945282086,"action":"FILE_OPENED","file":"/README.md","tags":{"FILE_LINE_OF_CODE":"39"}}
{"ts":1710945283171,"action":"FILE_CLOSED","file":"/README.md","tags":{"FILE_LINE_OF_CODE":"39"}}
{"ts":1710945283205,"action":"FILE_OPENED","file":"/Start.java","tags":{"FILE_LINE_OF_CODE":"26"}}
{"ts":1710945295381,"action":"FILE_CLOSED","file":"/Start.java","tags":{"FILE_LINE_OF_CODE":"26"}}
{"ts":1710945295381,"action":"FILE_OPENED","file":"/Calculator.java","tags":{"FILE_LINE_OF_CODE":"188"}}
{"ts":1710945303179,"action":"IDE_DEACTIVATED"}
{"ts":1710945303975,"action":"PROJECT_CLOSED","tags":{"PROJECT_NAME":"calculator-java"}}
{"ts":1710945328885,"action":"FILE_OPENED","file":"/Calculator.java","tags":{"FILE_LINE_OF_CODE":"188"}}
{"ts":1710945329395,"action":"PROJECT_OPENED","tags":{"PROJECT_NAME":"calculator-java"}}
{"ts":1710945463275,"action":"FILE_CLOSED","file":"/Calculator.java","tags":{"FILE_LINE_OF_CODE":"188"}}
{"ts":1710945463275,"action":"FILE_OPENED","file":"/Start.java","tags":{"FILE_LINE_OF_CODE":"26"}}
{"ts":1710945465062,"action":"IDE_DEACTIVATED"}
{"ts":1710945466367,"action":"IDE_ACTIVATED"}
{"ts":1710945468206,"action":"FILE_CLOSED","file":"/Start.java","tags":{"FILE_LINE_OF_CODE":"26"}}
{"ts":1710945468207,"action":"FILE_OPENED","file":"/Calculator.java","tags":{"FILE_LINE_OF_CODE":"188"}}
{"ts":1710945468953,"action":"FILE_CLOSED","file":"/Calculator.java","tags":{"FILE_LINE_OF_CODE":"188"}}
{"ts":1710945468953,"action":"FILE_OPENED","file":"/Start.java","tags":{"FILE_LINE_OF_CODE":"26"}}
{"ts":1710945469804,"action":"FILE_CLOSED","file":"/Start.java","tags":{"FILE_LINE_OF_CODE":"26"}}
{"ts":1710945469804,"action":"FILE_OPENED","file":"/Calculator.java","tags":{"FILE_LINE_OF_CODE":"188"}}
{"ts":1710945472654,"action":"FILE_CLOSED","file":"/Calculator.java","tags":{"FILE_LINE_OF_CODE":"188"}}
{"ts":1710945472654,"action":"FILE_OPENED","file":"/Start.java","tags":{"FILE_LINE_OF_CODE":"26"}}
{"ts":1710945484939,"action":"IDE_DEACTIVATED"}
{"ts":1710945561265,"action":"IDE_ACTIVATED"}
{"ts":1710945563423,"action":"IDE_DEACTIVATED"}
{"ts":1710946054110,"action":"IDE_ACTIVATED"}
{"ts":1710946058556,"action":"IDE_DEACTIVATED"}
{"ts":1710946096773,"action":"IDE_ACTIVATED"}
{"ts":1710946103482,"action":"IDE_DEACTIVATED"}
{"ts":1710946121646,"action":"IDE_ACTIVATED"}
{"ts":1710946148601,"action":"IDE_DEACTIVATED"}
{"ts":1710946185800,"action":"IDE_ACTIVATED"}
{"ts":1710946193356,"action":"IDE_DEACTIVATED"}
{"ts":1710946477922,"action":"IDE_ACTIVATED"}
{"ts":1710946490731,"action":"IDE_DEACTIVATED"}
{"ts":1710946569273,"action":"IDE_ACTIVATED"}
{"ts":1710946717009,"action":"IDE_DEACTIVATED"}
{"ts":1710946795416,"action":"IDE_ACTIVATED"}
{"ts":1710946812549,"action":"IDE_DEACTIVATED"}
{"ts":1710946940267,"action":"IDE_ACTIVATED"}
{"ts":1710946956917,"action":"IDE_DEACTIVATED"}
{"ts":1710947068412,"action":"IDE_ACTIVATED"}
{"ts":1710947079137,"action":"IDE_DEACTIVATED"}
{"ts":1710948481736,"action":"IDE_ACTIVATED"}
{"ts":1710948483241,"action":"IDE_DEACTIVATED"}
{"ts":1710948797079,"action":"IDE_ACTIVATED"}
{"ts":1710948798857,"action":"IDE_DEACTIVATED"}
{"ts":1710948799814,"action":"IDE_ACTIVATED"}
{"ts":1710948805555,"action":"IDE_DEACTIVATED"}
{"ts":1710948806491,"action":"IDE_ACTIVATED"}
{"ts":1710948808228,"action":"IDE_DEACTIVATED"}
{"ts":1710948809261,"action":"IDE_ACTIVATED"}
{"ts":1710948812243,"action":"IDE_DEACTIVATED"}
{"ts":1710948813416,"action":"IDE_ACTIVATED"}
{"ts":1710948822150,"action":"IDE_DEACTIVATED"}
{"ts":1710948824277,"action":"IDE_ACTIVATED"}
{"ts":1710948827519,"action":"IDE_DEACTIVATED"}
{"ts":1710948829355,"action":"IDE_ACTIVATED"}
{"ts":1710948834511,"action":"IDE_DEACTIVATED"}
{"ts":1710948840368,"action":"IDE_ACTIVATED"}
{"ts":1710948842100,"action":"IDE_DEACTIVATED"}
{"ts":1710949110996,"action":"IDE_ACTIVATED"}
{"ts":1710949135869,"action":"IDE_DEACTIVATED"}
{"ts":1710949136528,"action":"IDE_ACTIVATED"}
{"ts":1710949136919,"action":"IDE_DEACTIVATED"}
{"ts":1710949139304,"action":"IDE_ACTIVATED"}
{"ts":1710949139871,"action":"IDE_DEACTIVATED"}
{"ts":1710949140738,"action":"IDE_ACTIVATED"}
{"ts":1710949155727,"action":"IDE_DEACTIVATED"}
{"ts":1710949575731,"action":"IDE_ACTIVATED"}
{"ts":1710949579954,"action":"IDE_DEACTIVATED"}
{"ts":1710949896079,"action":"IDE_ACTIVATED"}
{"ts":1710949910170,"action":"IDE_DEACTIVATED"}
{"ts":1710949928314,"action":"IDE_ACTIVATED"}
{"ts":1710949929720,"action":"IDE_DEACTIVATED"}
{"ts":1710949932037,"action":"IDE_ACTIVATED"}
{"ts":1710949936747,"action":"IDE_DEACTIVATED"}
{"ts":1710949961860,"action":"IDE_ACTIVATED"}
{"ts":1710949971045,"action":"IDE_DEACTIVATED"}
{"ts":1710950007813,"action":"IDE_ACTIVATED"}
{"ts":1710950041569,"action":"IDE_DEACTIVATED"}
{"ts":1710950052839,"action":"IDE_ACTIVATED"}
{"ts":1710950081009,"action":"IDE_DEACTIVATED"}
{"ts":1710950114245,"action":"IDE_ACTIVATED"}
{"ts":1710950160788,"action":"IDE_DEACTIVATED"}
{"ts":1710950215142,"action":"IDE_ACTIVATED"}
{"ts":1710950270623,"action":"IDE_DEACTIVATED"}
{"ts":1711025109206,"action":"IDE_ACTIVATED"}
{"ts":1711025110510,"action":"IDE_DEACTIVATED"}
{"ts":1711025248490,"action":"IDE_ACTIVATED"}
{"ts":1711025249952,"action":"IDE_DEACTIVATED"}
{"ts":1711025252238,"action":"IDE_ACTIVATED"}
{"ts":1711025254236,"action":"IDE_DEACTIVATED"}
{"ts":1711029630211,"action":"IDE_ACTIVATED"}
{"ts":1711029631888,"action":"IDE_DEACTIVATED"}
{"ts":1711029633868,"action":"IDE_ACTIVATED"}
{"ts":1711029634827,"action":"IDE_DEACTIVATED"}
{"ts":1711029638454,"action":"IDE_ACTIVATED"}
{"ts":1711029648067,"action":"IDE_DEACTIVATED"}
{"ts":1711029954386,"action":"IDE_ACTIVATED"}
{"ts":1711029966078,"action":"IDE_DEACTIVATED"}
{"ts":1711029970007,"action":"IDE_ACTIVATED"}
{"ts":1711029982038,"action":"IDE_DEACTIVATED"}
{"ts":1711029983344,"action":"IDE_ACTIVATED"}
{"ts":1711029988246,"action":"IDE_DEACTIVATED"}
{"ts":1711029990164,"action":"IDE_ACTIVATED"}
{"ts":1711029995563,"action":"IDE_DEACTIVATED"}
{"ts":1711029997294,"action":"IDE_ACTIVATED"}
{"ts":1711030001913,"action":"IDE_DEACTIVATED"}
{"ts":1711030003521,"action":"IDE_ACTIVATED"}
{"ts":1711030007634,"action":"IDE_DEACTIVATED"}
{"ts":1711030008980,"action":"IDE_ACTIVATED"}
{"ts":1711030017359,"action":"IDE_DEACTIVATED"}
{"ts":1711030187666,"action":"IDE_ACTIVATED"}
{"ts":1711030190733,"action":"IDE_DEACTIVATED"}
{"ts":1711030191832,"action":"IDE_ACTIVATED"}
{"ts":1711030194776,"action":"IDE_DEACTIVATED"}
{"ts":1711030197920,"action":"IDE_ACTIVATED"}
{"ts":1711030201694,"action":"IDE_DEACTIVATED"}
{"ts":1711030202634,"action":"IDE_ACTIVATED"}
{"ts":1711030209704,"action":"IDE_DEACTIVATED"}
{"ts":1711030211212,"action":"IDE_ACTIVATED"}
{"ts":1711030212702,"action":"IDE_DEACTIVATED"}
{"ts":1711030215017,"action":"IDE_ACTIVATED"}
{"ts":1711030217747,"action":"IDE_DEACTIVATED"}
{"ts":1711030218539,"action":"IDE_ACTIVATED"}
{"ts":1711030221142,"action":"IDE_DEACTIVATED"}
{"ts":1711030222881,"action":"IDE_ACTIVATED"}
{"ts":1711030226607,"action":"IDE_DEACTIVATED"}
{"ts":1711030228075,"action":"IDE_ACTIVATED"}
{"ts":1711030232634,"action":"IDE_DEACTIVATED"}
{"ts":1711030233663,"action":"IDE_ACTIVATED"}
{"ts":1711030239767,"action":"IDE_DEACTIVATED"}
{"ts":1711030391117,"action":"IDE_ACTIVATED"}
{"ts":1711030392486,"action":"IDE_DEACTIVATED"}
{"ts":1711030883588,"action":"IDE_ACTIVATED"}
{"ts":1711030907172,"action":"IDE_DEACTIVATED"}
{"ts":1711030942684,"action":"IDE_ACTIVATED"}
{"ts":1711030945183,"action":"IDE_DEACTIVATED"}
{"ts":1711059980542,"action":"IDE_ACTIVATED"}
{"ts":1711059986293,"action":"IDE_DEACTIVATED"}
{"ts":1711059986921,"action":"PROJECT_CLOSED","tags":{"PROJECT_NAME":"calculator-java"}}
{"ts":1711153166992,"action":"FILE_OPENED","file":"/Start.java","tags":{"FILE_LINE_OF_CODE":"26"}}
{"ts":1711153167236,"action":"PROJECT_OPENED","tags":{"PROJECT_NAME":"calculator-java"}}
{"ts":1711155058300,"action":"IDE_DEACTIVATED"}
{"ts":1711155679072,"action":"IDE_ACTIVATED"}
{"ts":1711155687693,"action":"IDE_DEACTIVATED"}
{"ts":1711155897361,"action":"IDE_ACTIVATED"}
{"ts":1711155920744,"action":"IDE_DEACTIVATED"}
{"ts":1711156272943,"action":"IDE_ACTIVATED"}
{"ts":1711156277885,"action":"IDE_DEACTIVATED"}
{"ts":1711156533014,"action":"IDE_ACTIVATED"}
{"ts":1711156539081,"action":"IDE_DEACTIVATED"}
{"ts":1711156939535,"action":"IDE_ACTIVATED"}
{"ts":1711156945607,"action":"IDE_DEACTIVATED"}
{"ts":1711156947056,"action":"IDE_ACTIVATED"}
{"ts":1711156950357,"action":"IDE_DEACTIVATED"}
{"ts":1711157567125,"action":"IDE_ACTIVATED"}
{"ts":1711157572326,"action":"IDE_DEACTIVATED"}
{"ts":1711157626949,"action":"IDE_ACTIVATED"}
{"ts":1711157634365,"action":"IDE_DEACTIVATED"}
{"ts":1711159751502,"action":"IDE_ACTIVATED"}
{"ts":1711159757916,"action":"IDE_DEACTIVATED"}
{"ts":1711159832596,"action":"IDE_ACTIVATED"}
{"ts":1711159838431,"action":"IDE_DEACTIVATED"}
{"ts":1711159839522,"action":"IDE_ACTIVATED"}
{"ts":1711159840313,"action":"IDE_DEACTIVATED"}
{"ts":1711159883337,"action":"IDE_ACTIVATED"}
{"ts":1711159894666,"action":"IDE_DEACTIVATED"}
{"ts":1711160257668,"action":"IDE_ACTIVATED"}
{"ts":1711160263038,"action":"FILE_CLOSED","file":"/Start.java","tags":{"FILE_LINE_OF_CODE":"26"}}
{"ts":1711160263038,"action":"FILE_OPENED","file":"/Calculator.java","tags":{"FILE_LINE_OF_CODE":"188"}}
{"ts":1711160264096,"action":"FILE_CLOSED","file":"/Calculator.java","tags":{"FILE_LINE_OF_CODE":"188"}}
{"ts":1711160264096,"action":"FILE_OPENED","file":"/Start.java","tags":{"FILE_LINE_OF_CODE":"26"}}
{"ts":1711160271202,"action":"IDE_DEACTIVATED"}
{"ts":1711160271403,"action":"PROJECT_CLOSED","tags":{"PROJECT_NAME":"calculator-java"}}
{"ts":1711401771700,"action":"FILE_OPENED","file":"/Start.java","tags":{"FILE_LINE_OF_CODE":"26"}}
{"ts":1711401771923,"action":"PROJECT_OPENED","tags":{"PROJECT_NAME":"calculator-java"}}
{"ts":1711401783247,"action":"IDE_DEACTIVATED"}
{"ts":1711401785831,"action":"IDE_ACTIVATED"}
{"ts":1711401856672,"action":"IDE_DEACTIVATED"}
{"ts":1711401857549,"action":"PROJECT_CLOSED","tags":{"PROJECT_NAME":"calculator-java"}}
{"ts":1711401921102,"action":"FILE_OPENED","file":"/Start.java","tags":{"FILE_LINE_OF_CODE":"26"}}
{"ts":1711401921633,"action":"PROJECT_OPENED","tags":{"PROJECT_NAME":"calculator-java"}}
{"ts":1711401962308,"action":"IDE_DEACTIVATED"}
{"ts":1711401983659,"action":"IDE_ACTIVATED"}
{"ts":1711402004725,"action":"IDE_DEACTIVATED"}
{"ts":1711402005053,"action":"PROJECT_CLOSED","tags":{"PROJECT_NAME":"calculator-java"}}
{"ts":1711402027042,"action":"FILE_OPENED","file":"/Start.java","tags":{"FILE_LINE_OF_CODE":"26"}}
{"ts":1711402027520,"action":"PROJECT_OPENED","tags":{"PROJECT_NAME":"calculator-java"}}
{"ts":1711402039226,"action":"IDE_DEACTIVATED"}
{"ts":1711402080503,"action":"IDE_ACTIVATED"}
{"ts":1711402093717,"action":"FILE_CLOSED","file":"/Start.java","tags":{"FILE_LINE_OF_CODE":"26"}}
{"ts":1711402093718,"action":"FILE_OPENED","file":"/test/java/basicTests.java","tags":{"FILE_LINE_OF_CODE":"5"}}
{"ts":1711402109272,"action":"IDE_DEACTIVATED"}
{"ts":1711402188550,"action":"IDE_ACTIVATED"}
{"ts":1711402200998,"action":"FILE_CLOSED","file":"/test/java/basicTests.java","tags":{"FILE_LINE_OF_CODE":"5"}}
{"ts":1711402200998,"action":"FILE_OPENED","file":"/basics.java","tags":{"FILE_LINE_OF_CODE":"3"}}
{"ts":1711402204792,"action":"IDE_DEACTIVATED"}
{"ts":1711402209984,"action":"IDE_ACTIVATED"}
{"ts":1711402230667,"action":"IDE_DEACTIVATED"}
{"ts":1711402250564,"action":"IDE_ACTIVATED"}
{"ts":1711402263870,"action":"IDE_DEACTIVATED"}
{"ts":1711402295608,"action":"IDE_ACTIVATED"}
{"ts":1711402297007,"action":"FILE_CLOSED","file":"/Basics.java","tags":{"FILE_LINE_OF_CODE":"6"}}
{"ts":1711402297007,"action":"FILE_OPENED","file":"/test/java/basicTests.java","tags":{"FILE_LINE_OF_CODE":"5"}}
{"ts":1711402299773,"action":"IDE_DEACTIVATED"}
{"ts":1711402313685,"action":"IDE_ACTIVATED"}
{"ts":1711402327375,"action":"IDE_DEACTIVATED"}
{"ts":1711402347116,"action":"IDE_ACTIVATED"}
{"ts":1711402353630,"action":"IDE_DEACTIVATED"}
{"ts":1711402379529,"action":"IDE_ACTIVATED"}
{"ts":1711402385245,"action":"FILE_CLOSED","file":"/test/java/basicTests.java","tags":{"FILE_LINE_OF_CODE":"9"}}
{"ts":1711402385245,"action":"FILE_OPENED","file":"/Basics.java","tags":{"FILE_LINE_OF_CODE":"6"}}
{"ts":1711402395658,"action":"IDE_DEACTIVATED"}
{"ts":1711402421212,"action":"IDE_ACTIVATED"}
{"ts":1711402428848,"action":"IDE_DEACTIVATED"}
{"ts":1711402540059,"action":"IDE_ACTIVATED"}
{"ts":1711402545383,"action":"IDE_DEACTIVATED"}
{"ts":1711402545814,"action":"PROJECT_CLOSED","tags":{"PROJECT_NAME":"calculator-java"}}
{"ts":1711402618695,"action":"FILE_OPENED","file":"/Basics.java","tags":{"FILE_LINE_OF_CODE":"9"}}
{"ts":1711402618626,"action":"PROJECT_OPENED","tags":{"PROJECT_NAME":"calculator-java"}}
{"ts":1711402747708,"action":"IDE_DEACTIVATED"}
{"ts":1711403035539,"action":"IDE_ACTIVATED"}
{"ts":1711403041213,"action":"IDE_DEACTIVATED"}
{"ts":1711403043278,"action":"IDE_ACTIVATED"}
{"ts":1711403057419,"action":"FILE_OPENED","file":"/Start.java","tags":{"FILE_LINE_OF_CODE":"26"}}
{"ts":1711403057568,"action":"FILE_CLOSED","file":"/Start.java","tags":{"FILE_LINE_OF_CODE":"26"}}
{"ts":1711403057568,"action":"FILE_OPENED","file":"/test/java/basicTest.java","tags":{"FILE_LINE_OF_CODE":"5"}}
{"ts":1711403061743,"action":"IDE_DEACTIVATED"}
{"ts":1711403066189,"action":"IDE_ACTIVATED"}
{"ts":1711403100586,"action":"IDE_DEACTIVATED"}
{"ts":1711403101161,"action":"IDE_ACTIVATED"}
{"ts":1711403134948,"action":"FILE_CLOSED","file":"/test/java/basicTest.java","tags":{"FILE_LINE_OF_CODE":"47"}}
{"ts":1711403134948,"action":"FILE_OPENED","file":"/Start.java","tags":{"FILE_LINE_OF_CODE":"26"}}
{"ts":1711403138750,"action":"FILE_CLOSED","file":"/Start.java","tags":{"FILE_LINE_OF_CODE":"26"}}
{"ts":1711403138750,"action":"FILE_OPENED","file":"/Calculator.java","tags":{"FILE_LINE_OF_CODE":"188"}}
{"ts":1711403156100,"action":"FILE_CLOSED","file":"/Calculator.java","tags":{"FILE_LINE_OF_CODE":"188"}}
{"ts":1711403156100,"action":"FILE_OPENED","file":"/test/java/basicTest.java","tags":{"FILE_LINE_OF_CODE":"47"}}
{"ts":1711403198956,"action":"IDE_DEACTIVATED"}
{"ts":1711403205927,"action":"IDE_ACTIVATED"}
{"ts":1711403213183,"action":"IDE_DEACTIVATED"}
{"ts":1711403213797,"action":"IDE_ACTIVATED"}
{"ts":1711403224346,"action":"FILE_OPENED","file":"/Start.java","tags":{"FILE_LINE_OF_CODE":"26"}}
{"ts":1711403228075,"action":"IDE_DEACTIVATED"}
{"ts":1711403256646,"action":"IDE_ACTIVATED"}
{"ts":1711403259242,"action":"IDE_DEACTIVATED"}
{"ts":1711403272658,"action":"IDE_ACTIVATED"}
{"ts":1711403273458,"action":"IDE_DEACTIVATED"}
{"ts":1711403300588,"action":"IDE_ACTIVATED"}
{"ts":1711403301438,"action":"IDE_DEACTIVATED"}
{"ts":1711403307821,"action":"IDE_ACTIVATED"}
{"ts":1711403308777,"action":"FILE_CLOSED","file":"/Start.java","tags":{"FILE_LINE_OF_CODE":"26"}}
{"ts":1711403308777,"action":"FILE_OPENED","file":"/Calculator.java","tags":{"FILE_LINE_OF_CODE":"188"}}
{"ts":1711403312459,"action":"IDE_DEACTIVATED"}
{"ts":1711403392204,"action":"IDE_ACTIVATED"}
{"ts":1711403419958,"action":"IDE_DEACTIVATED"}
{"ts":1711403455703,"action":"IDE_ACTIVATED"}
{"ts":1711403504337,"action":"FILE_CLOSED","file":"/Calculator.java","tags":{"FILE_LINE_OF_CODE":"188"}}
{"ts":1711403504338,"action":"FILE_OPENED","file":"/Start.java","tags":{"FILE_LINE_OF_CODE":"26"}}
{"ts":1711403505984,"action":"FILE_CLOSED","file":"/Start.java","tags":{"FILE_LINE_OF_CODE":"26"}}
{"ts":1711403505985,"action":"FILE_OPENED","file":"/Calculator.java","tags":{"FILE_LINE_OF_CODE":"188"}}
{"ts":1711403508710,"action":"FILE_CLOSED","file":"/Calculator.java","tags":{"FILE_LINE_OF_CODE":"188"}}
{"ts":1711403508710,"action":"FILE_OPENED","file":"/Start.java","tags":{"FILE_LINE_OF_CODE":"26"}}
{"ts":1711403512608,"action":"IDE_DEACTIVATED"}
{"ts":1711403879620,"action":"IDE_ACTIVATED"}
{"ts":1711403880933,"action":"IDE_DEACTIVATED"}
{"ts":1711403905554,"action":"IDE_ACTIVATED"}
{"ts":1711403927284,"action":"IDE_DEACTIVATED"}
{"ts":1711404057847,"action":"IDE_ACTIVATED"}
{"ts":1711404058371,"action":"IDE_DEACTIVATED"}
{"ts":1711404457216,"action":"IDE_ACTIVATED"}
{"ts":1711404460042,"action":"IDE_DEACTIVATED"}
{"ts":1711404460054,"action":"IDE_ACTIVATED"}
{"ts":1711404463847,"action":"IDE_DEACTIVATED"}
{"ts":1711404464778,"action":"PROJECT_CLOSED","tags":{"PROJECT_NAME":"calculator-java"}}
{"ts":1711404991968,"action":"FILE_OPENED","file":"/Start.java","tags":{"FILE_LINE_OF_CODE":"26"}}
{"ts":1711404992263,"action":"PROJECT_OPENED","tags":{"PROJECT_NAME":"calculator-java"}}
{"ts":1711405013278,"action":"IDE_DEACTIVATED"}
{"ts":1711405013877,"action":"IDE_ACTIVATED"}
{"ts":1711405015084,"action":"IDE_DEACTIVATED"}
{"ts":1711405080715,"action":"IDE_ACTIVATED"}
{"ts":1711405083911,"action":"IDE_DEACTIVATED"}
{"ts":1711405109948,"action":"IDE_ACTIVATED"}
{"ts":1711405124324,"action":"IDE_DEACTIVATED"}
{"ts":1711405134528,"action":"IDE_ACTIVATED"}
{"ts":1711405135340,"action":"IDE_DEACTIVATED"}
{"ts":1711405176859,"action":"IDE_ACTIVATED"}
{"ts":1711405183821,"action":"FILE_CLOSED","file":"/Start.java","tags":{"FILE_LINE_OF_CODE":"26"}}
{"ts":1711405183821,"action":"FILE_OPENED","file":"/my-app/pom.xml","tags":{"FILE_LINE_OF_CODE":"76"}}
{"ts":1711405186847,"action":"IDE_DEACTIVATED"}
{"ts":1711405186927,"action":"IDE_ACTIVATED"}
{"ts":1711405188285,"action":"IDE_DEACTIVATED"}
{"ts":1711405201978,"action":"IDE_ACTIVATED"}
{"ts":1711405206188,"action":"IDE_DEACTIVATED"}
{"ts":1711405210306,"action":"IDE_ACTIVATED"}
{"ts":1711405225688,"action":"IDE_DEACTIVATED"}
{"ts":1711405247772,"action":"IDE_ACTIVATED"}
{"ts":1711405274244,"action":"FILE_CLOSED","file":"/my-app/pom.xml","tags":{"FILE_LINE_OF_CODE":"76"}}
{"ts":1711405277668,"action":"IDE_DEACTIVATED"}
{"ts":1711405281790,"action":"IDE_ACTIVATED"}
{"ts":1711405293520,"action":"IDE_DEACTIVATED"}
{"ts":1711405323333,"action":"IDE_ACTIVATED"}
{"ts":1711405326568,"action":"IDE_DEACTIVATED"}
{"ts":1711405326803,"action":"PROJECT_CLOSED","tags":{"PROJECT_NAME":"calculator-java"}}
{"ts":1711405402838,"action":"FILE_OPENED","file":"/Start.java","tags":{"FILE_LINE_OF_CODE":"26"}}
{"ts":1711405403159,"action":"PROJECT_OPENED","tags":{"PROJECT_NAME":"calculator-java"}}
{"ts":1711405437326,"action":"IDE_DEACTIVATED"}
{"ts":1711405553095,"action":"IDE_ACTIVATED"}
{"ts":1711405557109,"action":"IDE_DEACTIVATED"}
{"ts":1711405565589,"action":"IDE_ACTIVATED"}
{"ts":1711405576063,"action":"FILE_CLOSED","file":"/Start.java","tags":{"FILE_LINE_OF_CODE":"26"}}
{"ts":1711405576063,"action":"FILE_OPENED","file":"/test/java/basicTest.java","tags":{"FILE_LINE_OF_CODE":"3"}}
{"ts":1711405582330,"action":"IDE_DEACTIVATED"}
{"ts":1711405585670,"action":"IDE_ACTIVATED"}
{"ts":1711405623884,"action":"IDE_DEACTIVATED"}
{"ts":1711405649004,"action":"IDE_ACTIVATED"}
{"ts":1711405735842,"action":"FILE_CLOSED","file":"/test/java/basicTest.java","tags":{"FILE_LINE_OF_CODE":"40"}}
{"ts":1711405735842,"action":"FILE_OPENED","file":"/my-app/src/test/java/com/mycompany/app/AppTest.java","tags":{"FILE_LINE_OF_CODE":"21"}}
{"ts":1711405766629,"action":"FILE_CLOSED","file":"/my-app/src/test/java/com/mycompany/app/AppTest.java","tags":{"FILE_LINE_OF_CODE":"21"}}
{"ts":1711405766629,"action":"FILE_OPENED","file":"/test/java/basicTest.java","tags":{"FILE_LINE_OF_CODE":"40"}}
{"ts":1711405775018,"action":"IDE_DEACTIVATED"}
{"ts":1711405806493,"action":"IDE_ACTIVATED"}
{"ts":1711405809755,"action":"FILE_CLOSED","file":"/test/java/basicTest.java","tags":{"FILE_LINE_OF_CODE":"40"}}
{"ts":1711405809755,"action":"FILE_OPENED","file":"/my-app/src/test/java/com/mycompany/app/AppTest.java","tags":{"FILE_LINE_OF_CODE":"21"}}
{"ts":1711405902149,"action":"FILE_CLOSED","file":"/my-app/src/test/java/com/mycompany/app/AppTest.java","tags":{"FILE_LINE_OF_CODE":"21"}}
{"ts":1711405902149,"action":"FILE_OPENED","file":"/test/java/basicTest.java","tags":{"FILE_LINE_OF_CODE":"40"}}
{"ts":1711406188988,"action":"FILE_CLOSED","file":"/test/java/basicTest.java","tags":{"FILE_LINE_OF_CODE":"41"}}
{"ts":1711406188988,"action":"FILE_OPENED","file":"/my-app/src/test/java/com/mycompany/app/AppTest.java","tags":{"FILE_LINE_OF_CODE":"21"}}
{"ts":1711406220819,"action":"FILE_CLOSED","file":"/my-app/src/test/java/com/mycompany/app/AppTest.java","tags":{"FILE_LINE_OF_CODE":"20"}}
{"ts":1711406220819,"action":"FILE_OPENED","file":"/test/java/basicTest.java","tags":{"FILE_LINE_OF_CODE":"41"}}
{"ts":1711406225862,"action":"IDE_DEACTIVATED"}
{"ts":1711406226156,"action":"PROJECT_CLOSED","tags":{"PROJECT_NAME":"calculator-java"}}
